<?xml version="1.0" encoding="UTF-8"?>
<!-- Generated by org.testng.reporters.JUnitXMLReporter -->
<testsuite ignored="0" hostname="MacBook-Air-cua-SAM.local" failures="0" tests="3" name="Surefire test" time="47.275" errors="0" timestamp="2024-11-06T21:37:36 ICT">
  <testcase classname="sam.com.pageObjectModal.Testcases.LoginTest" name="loginFailWithEmailInvalid" time="9.22"/>
  <testcase classname="sam.com.pageObjectModal.Testcases.LoginTest" name="loginFailWithPasswordInvalid" time="8.428"/>
  <testcase classname="sam.com.pageObjectModal.Testcases.LoginTest" name="loginSuccess" time="10.068"/>
</testsuite> <!-- Surefire test -->
